{"F:\\Mahir\\Git\\PlusGrade\\tax-calculator\\src\\components\\TaxBand.tsx": {"path":"F:\\Mahir\\Git\\PlusGrade\\tax-calculator\\src\\components\\TaxBand.tsx","statementMap":{"0":{"start":{"line":8,"column":40},"end":{"line":15,"column":1}},"1":{"start":{"line":9,"column":2},"end":{"line":14,"column":4}}},"fnMap":{"0":{"name":"(anonymous_0)","decl":{"start":{"line":8,"column":40},"end":{"line":8,"column":41}},"loc":{"start":{"line":8,"column":60},"end":{"line":15,"column":1}},"line":8}},"branchMap":{},"s":{"0":3,"1":9},"f":{"0":9},"b":{},"_coverageSchema":"1a1c01bbd47fc00a2c39e90264f33305004495a9","hash":"918639625120238c454be84bee3d126bc21c8135"}
,"F:\\Mahir\\Git\\PlusGrade\\tax-calculator\\src\\components\\TaxCalculator.tsx": {"path":"F:\\Mahir\\Git\\PlusGrade\\tax-calculator\\src\\components\\TaxCalculator.tsx","statementMap":{"0":{"start":{"line":8,"column":22},"end":{"line":60,"column":1}},"1":{"start":{"line":9,"column":30},"end":{"line":9,"column":50}},"2":{"start":{"line":10,"column":38},"end":{"line":10,"column":58}},"3":{"start":{"line":11,"column":48},"end":{"line":11,"column":72}},"4":{"start":{"line":13,"column":55},"end":{"line":15,"column":3}},"5":{"start":{"line":17,"column":23},"end":{"line":28,"column":3}},"6":{"start":{"line":18,"column":4},"end":{"line":18,"column":23}},"7":{"start":{"line":19,"column":4},"end":{"line":22,"column":5}},"8":{"start":{"line":20,"column":6},"end":{"line":20,"column":56}},"9":{"start":{"line":21,"column":6},"end":{"line":21,"column":13}},"10":{"start":{"line":23,"column":4},"end":{"line":26,"column":5}},"11":{"start":{"line":24,"column":6},"end":{"line":24,"column":74}},"12":{"start":{"line":25,"column":6},"end":{"line":25,"column":13}},"13":{"start":{"line":27,"column":4},"end":{"line":27,"column":16}},"14":{"start":{"line":30,"column":33},"end":{"line":38,"column":3}},"15":{"start":{"line":31,"column":23},"end":{"line":31,"column":42}},"16":{"start":{"line":32,"column":4},"end":{"line":37,"column":5}},"17":{"start":{"line":33,"column":6},"end":{"line":33,"column":32}},"18":{"start":{"line":34,"column":6},"end":{"line":34,"column":27}},"19":{"start":{"line":36,"column":6},"end":{"line":36,"column":31}},"20":{"start":{"line":40,"column":18},"end":{"line":40,"column":44}},"21":{"start":{"line":42,"column":2},"end":{"line":59,"column":4}}},"fnMap":{"0":{"name":"(anonymous_0)","decl":{"start":{"line":8,"column":22},"end":{"line":8,"column":23}},"loc":{"start":{"line":8,"column":28},"end":{"line":60,"column":1}},"line":8},"1":{"name":"(anonymous_1)","decl":{"start":{"line":17,"column":23},"end":{"line":17,"column":24}},"loc":{"start":{"line":17,"column":47},"end":{"line":28,"column":3}},"line":17},"2":{"name":"(anonymous_2)","decl":{"start":{"line":30,"column":33},"end":{"line":30,"column":34}},"loc":{"start":{"line":30,"column":52},"end":{"line":38,"column":3}},"line":30}},"branchMap":{"0":{"loc":{"start":{"line":19,"column":4},"end":{"line":22,"column":5}},"type":"if","locations":[{"start":{"line":19,"column":4},"end":{"line":22,"column":5}},{"start":{},"end":{}}],"line":19},"1":{"loc":{"start":{"line":23,"column":4},"end":{"line":26,"column":5}},"type":"if","locations":[{"start":{"line":23,"column":4},"end":{"line":26,"column":5}},{"start":{},"end":{}}],"line":23},"2":{"loc":{"start":{"line":23,"column":8},"end":{"line":23,"column":38}},"type":"binary-expr","locations":[{"start":{"line":23,"column":8},"end":{"line":23,"column":19}},{"start":{"line":23,"column":23},"end":{"line":23,"column":38}}],"line":23},"3":{"loc":{"start":{"line":32,"column":4},"end":{"line":37,"column":5}},"type":"if","locations":[{"start":{"line":32,"column":4},"end":{"line":37,"column":5}},{"start":{"line":35,"column":11},"end":{"line":37,"column":5}}],"line":32},"4":{"loc":{"start":{"line":32,"column":8},"end":{"line":32,"column":48}},"type":"binary-expr","locations":[{"start":{"line":32,"column":8},"end":{"line":32,"column":26}},{"start":{"line":32,"column":30},"end":{"line":32,"column":48}}],"line":32}},"s":{"0":1,"1":23,"2":23,"3":23,"4":23,"5":23,"6":7,"7":7,"8":2,"9":2,"10":5,"11":1,"12":1,"13":4,"14":23,"15":7,"16":7,"17":6,"18":6,"19":1,"20":23,"21":23},"f":{"0":23,"1":7,"2":7},"b":{"0":[2,5],"1":[1,4],"2":[5,4],"3":[6,1],"4":[7,6]},"_coverageSchema":"1a1c01bbd47fc00a2c39e90264f33305004495a9","hash":"2bca33fc5d457d40b2f82f75a23eafb35257719a"}
,"F:\\Mahir\\Git\\PlusGrade\\tax-calculator\\src\\components\\TaxContent.tsx": {"path":"F:\\Mahir\\Git\\PlusGrade\\tax-calculator\\src\\components\\TaxContent.tsx","statementMap":{"0":{"start":{"line":18,"column":46},"end":{"line":63,"column":1}},"1":{"start":{"line":24,"column":2},"end":{"line":24,"column":40}},"2":{"start":{"line":24,"column":15},"end":{"line":24,"column":40}},"3":{"start":{"line":25,"column":2},"end":{"line":32,"column":3}},"4":{"start":{"line":26,"column":4},"end":{"line":31,"column":6}},"5":{"start":{"line":33,"column":2},"end":{"line":34,"column":73}},"6":{"start":{"line":34,"column":4},"end":{"line":34,"column":73}},"7":{"start":{"line":36,"column":2},"end":{"line":36,"column":23}},"8":{"start":{"line":38,"column":2},"end":{"line":62,"column":4}},"9":{"start":{"line":55,"column":16},"end":{"line":55,"column":63}}},"fnMap":{"0":{"name":"(anonymous_0)","decl":{"start":{"line":18,"column":46},"end":{"line":18,"column":47}},"loc":{"start":{"line":23,"column":6},"end":{"line":63,"column":1}},"line":23},"1":{"name":"(anonymous_1)","decl":{"start":{"line":54,"column":39},"end":{"line":54,"column":40}},"loc":{"start":{"line":55,"column":16},"end":{"line":55,"column":63}},"line":55}},"branchMap":{"0":{"loc":{"start":{"line":24,"column":2},"end":{"line":24,"column":40}},"type":"if","locations":[{"start":{"line":24,"column":2},"end":{"line":24,"column":40}},{"start":{},"end":{}}],"line":24},"1":{"loc":{"start":{"line":25,"column":2},"end":{"line":32,"column":3}},"type":"if","locations":[{"start":{"line":25,"column":2},"end":{"line":32,"column":3}},{"start":{},"end":{}}],"line":25},"2":{"loc":{"start":{"line":25,"column":6},"end":{"line":25,"column":36}},"type":"binary-expr","locations":[{"start":{"line":25,"column":6},"end":{"line":25,"column":11}},{"start":{"line":25,"column":15},"end":{"line":25,"column":36}}],"line":25},"3":{"loc":{"start":{"line":33,"column":2},"end":{"line":34,"column":73}},"type":"if","locations":[{"start":{"line":33,"column":2},"end":{"line":34,"column":73}},{"start":{},"end":{}}],"line":33},"4":{"loc":{"start":{"line":33,"column":6},"end":{"line":33,"column":44}},"type":"binary-expr","locations":[{"start":{"line":33,"column":6},"end":{"line":33,"column":14}},{"start":{"line":33,"column":18},"end":{"line":33,"column":24}},{"start":{"line":33,"column":28},"end":{"line":33,"column":44}}],"line":33},"5":{"loc":{"start":{"line":40,"column":7},"end":{"line":60,"column":7}},"type":"binary-expr","locations":[{"start":{"line":40,"column":7},"end":{"line":40,"column":13}},{"start":{"line":40,"column":17},"end":{"line":40,"column":24}},{"start":{"line":41,"column":8},"end":{"line":59,"column":11}}],"line":40}},"s":{"0":2,"1":27,"2":4,"3":23,"4":4,"5":19,"6":16,"7":3,"8":3,"9":6},"f":{"0":27,"1":6},"b":{"0":[4,23],"1":[4,19],"2":[23,4],"3":[16,3],"4":[19,19,19],"5":[3,3,3]},"_coverageSchema":"1a1c01bbd47fc00a2c39e90264f33305004495a9","hash":"eacb11680fb165ea30beb17ea08ab88037600502"}
,"F:\\Mahir\\Git\\PlusGrade\\tax-calculator\\src\\components\\TaxForm.tsx": {"path":"F:\\Mahir\\Git\\PlusGrade\\tax-calculator\\src\\components\\TaxForm.tsx","statementMap":{"0":{"start":{"line":9,"column":40},"end":{"line":29,"column":1}},"1":{"start":{"line":14,"column":2},"end":{"line":28,"column":4}},"2":{"start":{"line":19,"column":25},"end":{"line":19,"column":50}},"3":{"start":{"line":24,"column":25},"end":{"line":24,"column":54}}},"fnMap":{"0":{"name":"(anonymous_0)","decl":{"start":{"line":9,"column":40},"end":{"line":9,"column":41}},"loc":{"start":{"line":13,"column":6},"end":{"line":29,"column":1}},"line":13},"1":{"name":"(anonymous_1)","decl":{"start":{"line":19,"column":18},"end":{"line":19,"column":19}},"loc":{"start":{"line":19,"column":25},"end":{"line":19,"column":50}},"line":19},"2":{"name":"(anonymous_2)","decl":{"start":{"line":24,"column":18},"end":{"line":24,"column":19}},"loc":{"start":{"line":24,"column":25},"end":{"line":24,"column":54}},"line":24}},"branchMap":{},"s":{"0":2,"1":27,"2":7,"3":8},"f":{"0":27,"1":7,"2":8},"b":{},"_coverageSchema":"1a1c01bbd47fc00a2c39e90264f33305004495a9","hash":"224e9fbe89457b93672fe57592d44b6c978e5bf5"}
,"F:\\Mahir\\Git\\PlusGrade\\tax-calculator\\src\\components\\TaxResult.tsx": {"path":"F:\\Mahir\\Git\\PlusGrade\\tax-calculator\\src\\components\\TaxResult.tsx","statementMap":{"0":{"start":{"line":9,"column":46},"end":{"line":29,"column":1}},"1":{"start":{"line":10,"column":2},"end":{"line":28,"column":4}}},"fnMap":{"0":{"name":"(anonymous_0)","decl":{"start":{"line":9,"column":46},"end":{"line":9,"column":47}},"loc":{"start":{"line":9,"column":79},"end":{"line":29,"column":1}},"line":9}},"branchMap":{},"s":{"0":2,"1":3},"f":{"0":3},"b":{},"_coverageSchema":"1a1c01bbd47fc00a2c39e90264f33305004495a9","hash":"243090d00817007f6169e239d6e712f365b9778f"}
,"F:\\Mahir\\Git\\PlusGrade\\tax-calculator\\src\\hooks\\useCalculate.tsx": {"path":"F:\\Mahir\\Git\\PlusGrade\\tax-calculator\\src\\hooks\\useCalculate.tsx","statementMap":{"0":{"start":{"line":3,"column":21},"end":{"line":9,"column":1}},"1":{"start":{"line":5,"column":18},"end":{"line":5,"column":77}},"2":{"start":{"line":5,"column":32},"end":{"line":5,"column":60}},"3":{"start":{"line":8,"column":2},"end":{"line":8,"column":17}},"4":{"start":{"line":12,"column":23},"end":{"line":49,"column":1}},"5":{"start":{"line":13,"column":2},"end":{"line":13,"column":36}},"6":{"start":{"line":13,"column":24},"end":{"line":13,"column":36}},"7":{"start":{"line":15,"column":26},"end":{"line":15,"column":53}},"8":{"start":{"line":16,"column":20},"end":{"line":16,"column":49}},"9":{"start":{"line":18,"column":2},"end":{"line":24,"column":3}},"10":{"start":{"line":19,"column":4},"end":{"line":23,"column":6}},"11":{"start":{"line":27,"column":22},"end":{"line":33,"column":4}},"12":{"start":{"line":28,"column":26},"end":{"line":31,"column":5}},"13":{"start":{"line":32,"column":4},"end":{"line":32,"column":37}},"14":{"start":{"line":36,"column":19},"end":{"line":39,"column":3}},"15":{"start":{"line":37,"column":34},"end":{"line":37,"column":43}},"16":{"start":{"line":42,"column":24},"end":{"line":42,"column":44}},"17":{"start":{"line":44,"column":2},"end":{"line":48,"column":4}}},"fnMap":{"0":{"name":"(anonymous_0)","decl":{"start":{"line":3,"column":21},"end":{"line":3,"column":22}},"loc":{"start":{"line":3,"column":52},"end":{"line":9,"column":1}},"line":3},"1":{"name":"(anonymous_1)","decl":{"start":{"line":5,"column":26},"end":{"line":5,"column":27}},"loc":{"start":{"line":5,"column":32},"end":{"line":5,"column":60}},"line":5},"2":{"name":"(anonymous_2)","decl":{"start":{"line":12,"column":23},"end":{"line":12,"column":24}},"loc":{"start":{"line":12,"column":54},"end":{"line":49,"column":1}},"line":12},"3":{"name":"(anonymous_3)","decl":{"start":{"line":27,"column":44},"end":{"line":27,"column":45}},"loc":{"start":{"line":27,"column":59},"end":{"line":33,"column":3}},"line":27},"4":{"name":"(anonymous_4)","decl":{"start":{"line":37,"column":4},"end":{"line":37,"column":5}},"loc":{"start":{"line":37,"column":34},"end":{"line":37,"column":43}},"line":37}},"branchMap":{"0":{"loc":{"start":{"line":13,"column":2},"end":{"line":13,"column":36}},"type":"if","locations":[{"start":{"line":13,"column":2},"end":{"line":13,"column":36}},{"start":{},"end":{}}],"line":13},"1":{"loc":{"start":{"line":13,"column":6},"end":{"line":13,"column":22}},"type":"binary-expr","locations":[{"start":{"line":13,"column":6},"end":{"line":13,"column":11}},{"start":{"line":13,"column":15},"end":{"line":13,"column":22}}],"line":13},"2":{"loc":{"start":{"line":18,"column":2},"end":{"line":24,"column":3}},"type":"if","locations":[{"start":{"line":18,"column":2},"end":{"line":24,"column":3}},{"start":{},"end":{}}],"line":18},"3":{"loc":{"start":{"line":30,"column":7},"end":{"line":30,"column":27}},"type":"binary-expr","locations":[{"start":{"line":30,"column":7},"end":{"line":30,"column":15}},{"start":{"line":30,"column":19},"end":{"line":30,"column":27}}],"line":30}},"s":{"0":2,"1":30,"2":23,"3":30,"4":2,"5":23,"6":16,"7":7,"8":7,"9":7,"10":0,"11":7,"12":26,"13":26,"14":7,"15":26,"16":7,"17":7},"f":{"0":30,"1":23,"2":23,"3":26,"4":26},"b":{"0":[16,7],"1":[23,8],"2":[0,7],"3":[26,6]},"_coverageSchema":"1a1c01bbd47fc00a2c39e90264f33305004495a9","hash":"ad40d9223fdb37f8427531f29a96ebe5a5d9b825"}
,"F:\\Mahir\\Git\\PlusGrade\\tax-calculator\\src\\hooks\\useFetch.tsx": {"path":"F:\\Mahir\\Git\\PlusGrade\\tax-calculator\\src\\hooks\\useFetch.tsx","statementMap":{"0":{"start":{"line":12,"column":17},"end":{"line":54,"column":1}},"1":{"start":{"line":13,"column":26},"end":{"line":13,"column":50}},"2":{"start":{"line":14,"column":32},"end":{"line":14,"column":56}},"3":{"start":{"line":15,"column":28},"end":{"line":15,"column":57}},"4":{"start":{"line":16,"column":32},"end":{"line":16,"column":51}},"5":{"start":{"line":18,"column":20},"end":{"line":51,"column":20}},"6":{"start":{"line":19,"column":4},"end":{"line":19,"column":21}},"7":{"start":{"line":20,"column":4},"end":{"line":20,"column":19}},"8":{"start":{"line":22,"column":4},"end":{"line":50,"column":5}},"9":{"start":{"line":23,"column":23},"end":{"line":23,"column":39}},"10":{"start":{"line":25,"column":6},"end":{"line":27,"column":7}},"11":{"start":{"line":26,"column":8},"end":{"line":26,"column":76}},"12":{"start":{"line":29,"column":23},"end":{"line":29,"column":44}},"13":{"start":{"line":30,"column":6},"end":{"line":30,"column":24}},"14":{"start":{"line":31,"column":6},"end":{"line":31,"column":20}},"15":{"start":{"line":33,"column":6},"end":{"line":47,"column":7}},"16":{"start":{"line":34,"column":8},"end":{"line":34,"column":30}},"17":{"start":{"line":35,"column":8},"end":{"line":42,"column":9}},"18":{"start":{"line":37,"column":10},"end":{"line":37,"column":46}},"19":{"start":{"line":37,"column":27},"end":{"line":37,"column":38}},"20":{"start":{"line":39,"column":10},"end":{"line":39,"column":47}},"21":{"start":{"line":39,"column":34},"end":{"line":39,"column":45}},"22":{"start":{"line":41,"column":10},"end":{"line":41,"column":50}},"23":{"start":{"line":44,"column":8},"end":{"line":44,"column":46}},"24":{"start":{"line":46,"column":8},"end":{"line":46,"column":49}},"25":{"start":{"line":49,"column":6},"end":{"line":49,"column":24}},"26":{"start":{"line":53,"column":2},"end":{"line":53,"column":54}}},"fnMap":{"0":{"name":"(anonymous_0)","decl":{"start":{"line":12,"column":17},"end":{"line":12,"column":18}},"loc":{"start":{"line":12,"column":54},"end":{"line":54,"column":1}},"line":12},"1":{"name":"(anonymous_1)","decl":{"start":{"line":18,"column":32},"end":{"line":18,"column":33}},"loc":{"start":{"line":18,"column":44},"end":{"line":51,"column":3}},"line":18},"2":{"name":"(anonymous_2)","decl":{"start":{"line":37,"column":21},"end":{"line":37,"column":22}},"loc":{"start":{"line":37,"column":27},"end":{"line":37,"column":38}},"line":37},"3":{"name":"(anonymous_3)","decl":{"start":{"line":39,"column":21},"end":{"line":39,"column":22}},"loc":{"start":{"line":39,"column":34},"end":{"line":39,"column":45}},"line":39}},"branchMap":{"0":{"loc":{"start":{"line":25,"column":6},"end":{"line":27,"column":7}},"type":"if","locations":[{"start":{"line":25,"column":6},"end":{"line":27,"column":7}},{"start":{},"end":{}}],"line":25},"1":{"loc":{"start":{"line":33,"column":6},"end":{"line":47,"column":7}},"type":"if","locations":[{"start":{"line":33,"column":6},"end":{"line":47,"column":7}},{"start":{"line":43,"column":13},"end":{"line":47,"column":7}}],"line":33},"2":{"loc":{"start":{"line":35,"column":8},"end":{"line":42,"column":9}},"type":"if","locations":[{"start":{"line":35,"column":8},"end":{"line":42,"column":9}},{"start":{"line":40,"column":15},"end":{"line":42,"column":9}}],"line":35},"3":{"loc":{"start":{"line":35,"column":12},"end":{"line":35,"column":54}},"type":"binary-expr","locations":[{"start":{"line":35,"column":12},"end":{"line":35,"column":39}},{"start":{"line":35,"column":43},"end":{"line":35,"column":54}}],"line":35}},"s":{"0":2,"1":11,"2":11,"3":11,"4":11,"5":11,"6":7,"7":7,"8":7,"9":7,"10":7,"11":6,"12":1,"13":1,"14":1,"15":6,"16":6,"17":6,"18":6,"19":4,"20":6,"21":4,"22":0,"23":0,"24":0,"25":7,"26":11},"f":{"0":11,"1":7,"2":4,"3":4},"b":{"0":[6,1],"1":[6,0],"2":[6,0],"3":[6,6]},"_coverageSchema":"1a1c01bbd47fc00a2c39e90264f33305004495a9","hash":"20ca9e46d7a5d63cbfd84dc4064e0265ab7935e5"}
}
