TN:
SF:src\components\TaxBand.tsx
FN:8,(anonymous_0)
FNF:1
FNH:1
FNDA:9,(anonymous_0)
DA:8,3
DA:9,9
LF:2
LH:2
BRF:0
BRH:0
end_of_record
TN:
SF:src\components\TaxCalculator.tsx
FN:8,(anonymous_0)
FN:17,(anonymous_1)
FN:30,(anonymous_2)
FNF:3
FNH:3
FNDA:23,(anonymous_0)
FNDA:7,(anonymous_1)
FNDA:7,(anonymous_2)
DA:8,1
DA:9,23
DA:10,23
DA:11,23
DA:13,23
DA:17,23
DA:18,7
DA:19,7
DA:20,2
DA:21,2
DA:23,5
DA:24,1
DA:25,1
DA:27,4
DA:30,23
DA:31,7
DA:32,7
DA:33,6
DA:34,6
DA:36,1
DA:40,23
DA:42,23
LF:22
LH:22
BRDA:19,0,0,2
BRDA:19,0,1,5
BRDA:23,1,0,1
BRDA:23,1,1,4
BRDA:23,2,0,5
BRDA:23,2,1,4
BRDA:32,3,0,6
BRDA:32,3,1,1
BRDA:32,4,0,7
BRDA:32,4,1,6
BRF:10
BRH:10
end_of_record
TN:
SF:src\components\TaxContent.tsx
FN:18,(anonymous_0)
FN:54,(anonymous_1)
FNF:2
FNH:2
FNDA:27,(anonymous_0)
FNDA:6,(anonymous_1)
DA:18,2
DA:24,27
DA:25,23
DA:26,4
DA:33,19
DA:34,16
DA:36,3
DA:38,3
DA:55,6
LF:9
LH:9
BRDA:24,0,0,4
BRDA:24,0,1,23
BRDA:25,1,0,4
BRDA:25,1,1,19
BRDA:25,2,0,23
BRDA:25,2,1,4
BRDA:33,3,0,16
BRDA:33,3,1,3
BRDA:33,4,0,19
BRDA:33,4,1,19
BRDA:33,4,2,19
BRDA:40,5,0,3
BRDA:40,5,1,3
BRDA:40,5,2,3
BRF:14
BRH:14
end_of_record
TN:
SF:src\components\TaxForm.tsx
FN:9,(anonymous_0)
FN:19,(anonymous_1)
FN:24,(anonymous_2)
FNF:3
FNH:3
FNDA:27,(anonymous_0)
FNDA:7,(anonymous_1)
FNDA:8,(anonymous_2)
DA:9,2
DA:14,27
DA:19,7
DA:24,8
LF:4
LH:4
BRF:0
BRH:0
end_of_record
TN:
SF:src\components\TaxResult.tsx
FN:9,(anonymous_0)
FNF:1
FNH:1
FNDA:3,(anonymous_0)
DA:9,2
DA:10,3
LF:2
LH:2
BRF:0
BRH:0
end_of_record
TN:
SF:src\hooks\useCalculate.tsx
FN:3,(anonymous_0)
FN:5,(anonymous_1)
FN:12,(anonymous_2)
FN:27,(anonymous_3)
FN:37,(anonymous_4)
FNF:5
FNH:5
FNDA:30,(anonymous_0)
FNDA:23,(anonymous_1)
FNDA:23,(anonymous_2)
FNDA:26,(anonymous_3)
FNDA:26,(anonymous_4)
DA:3,2
DA:5,30
DA:8,30
DA:12,2
DA:13,23
DA:15,7
DA:16,7
DA:18,7
DA:19,0
DA:27,7
DA:28,26
DA:32,26
DA:36,7
DA:37,26
DA:42,7
DA:44,7
LF:16
LH:15
BRDA:13,0,0,16
BRDA:13,0,1,7
BRDA:13,1,0,23
BRDA:13,1,1,8
BRDA:18,2,0,0
BRDA:18,2,1,7
BRDA:30,3,0,26
BRDA:30,3,1,6
BRF:8
BRH:7
end_of_record
TN:
SF:src\hooks\useFetch.tsx
FN:12,(anonymous_0)
FN:18,(anonymous_1)
FN:37,(anonymous_2)
FN:39,(anonymous_3)
FNF:4
FNH:4
FNDA:11,(anonymous_0)
FNDA:7,(anonymous_1)
FNDA:4,(anonymous_2)
FNDA:4,(anonymous_3)
DA:12,2
DA:13,11
DA:14,11
DA:15,11
DA:16,11
DA:18,11
DA:19,7
DA:20,7
DA:22,7
DA:23,7
DA:25,7
DA:26,6
DA:29,1
DA:30,1
DA:31,1
DA:33,6
DA:34,6
DA:35,6
DA:37,6
DA:39,6
DA:41,0
DA:44,0
DA:46,0
DA:49,7
DA:53,11
LF:25
LH:22
BRDA:25,0,0,6
BRDA:25,0,1,1
BRDA:33,1,0,6
BRDA:33,1,1,0
BRDA:35,2,0,6
BRDA:35,2,1,0
BRDA:35,3,0,6
BRDA:35,3,1,6
BRF:8
BRH:6
end_of_record
